02-Sep-2020 15:18:16.816 INFO [main] org.apache.catalina.startup.VersionLoggerListener.log Server version name:   Apache Tomcat/9.0.37
02-Sep-2020 15:18:16.819 INFO [main] org.apache.catalina.startup.VersionLoggerListener.log Server built:          Jun 30 2020 20:09:49 UTC
02-Sep-2020 15:18:16.820 INFO [main] org.apache.catalina.startup.VersionLoggerListener.log Server version number: 9.0.37.0
02-Sep-2020 15:18:16.820 INFO [main] org.apache.catalina.startup.VersionLoggerListener.log OS Name:               Windows 10
02-Sep-2020 15:18:16.820 INFO [main] org.apache.catalina.startup.VersionLoggerListener.log OS Version:            10.0
02-Sep-2020 15:18:16.821 INFO [main] org.apache.catalina.startup.VersionLoggerListener.log Architecture:          amd64
02-Sep-2020 15:18:16.821 INFO [main] org.apache.catalina.startup.VersionLoggerListener.log Java Home:             C:\Users\marki\AppData\Local\Programs\AdoptOpenJDK
02-Sep-2020 15:18:16.821 INFO [main] org.apache.catalina.startup.VersionLoggerListener.log JVM Version:           11.0.8+10
02-Sep-2020 15:18:16.821 INFO [main] org.apache.catalina.startup.VersionLoggerListener.log JVM Vendor:            AdoptOpenJDK
02-Sep-2020 15:18:16.821 INFO [main] org.apache.catalina.startup.VersionLoggerListener.log CATALINA_BASE:         C:\myWebProject\apache-tomcat-9.0.37
02-Sep-2020 15:18:16.822 INFO [main] org.apache.catalina.startup.VersionLoggerListener.log CATALINA_HOME:         C:\myWebProject\apache-tomcat-9.0.37
02-Sep-2020 15:18:16.844 INFO [main] org.apache.catalina.startup.VersionLoggerListener.log Command line argument: --add-opens=java.base/java.lang=ALL-UNNAMED
02-Sep-2020 15:18:16.844 INFO [main] org.apache.catalina.startup.VersionLoggerListener.log Command line argument: --add-opens=java.base/java.io=ALL-UNNAMED
02-Sep-2020 15:18:16.845 INFO [main] org.apache.catalina.startup.VersionLoggerListener.log Command line argument: --add-opens=java.rmi/sun.rmi.transport=ALL-UNNAMED
02-Sep-2020 15:18:16.845 INFO [main] org.apache.catalina.startup.VersionLoggerListener.log Command line argument: -Djava.util.logging.config.file=C:\myWebProject\apache-tomcat-9.0.37\conf\logging.properties
02-Sep-2020 15:18:16.845 INFO [main] org.apache.catalina.startup.VersionLoggerListener.log Command line argument: -Djava.util.logging.manager=org.apache.juli.ClassLoaderLogManager
02-Sep-2020 15:18:16.846 INFO [main] org.apache.catalina.startup.VersionLoggerListener.log Command line argument: -Djdk.tls.ephemeralDHKeySize=2048
02-Sep-2020 15:18:16.846 INFO [main] org.apache.catalina.startup.VersionLoggerListener.log Command line argument: -Djava.protocol.handler.pkgs=org.apache.catalina.webresources
02-Sep-2020 15:18:16.848 INFO [main] org.apache.catalina.startup.VersionLoggerListener.log Command line argument: -Dignore.endorsed.dirs=
02-Sep-2020 15:18:16.848 INFO [main] org.apache.catalina.startup.VersionLoggerListener.log Command line argument: -Dcatalina.base=C:\myWebProject\apache-tomcat-9.0.37
02-Sep-2020 15:18:16.849 INFO [main] org.apache.catalina.startup.VersionLoggerListener.log Command line argument: -Dcatalina.home=C:\myWebProject\apache-tomcat-9.0.37
02-Sep-2020 15:18:16.850 INFO [main] org.apache.catalina.startup.VersionLoggerListener.log Command line argument: -Djava.io.tmpdir=C:\myWebProject\apache-tomcat-9.0.37\temp
02-Sep-2020 15:18:16.850 INFO [main] org.apache.catalina.core.AprLifecycleListener.lifecycleEvent The Apache Tomcat Native library which allows using OpenSSL was not found on the java.library.path: [C:\Users\marki\AppData\Local\Programs\AdoptOpenJDK\bin;C:\WINDOWS\Sun\Java\bin;C:\WINDOWS\system32;C:\WINDOWS;C:\Program Files (x86)\Common Files\Oracle\Java\javapath;C:\Program Files (x86)\Intel\iCLS Client\;C:\Program Files\Intel\iCLS Client\;C:\Windows\system32;C:\Windows;C:\Windows\System32\Wbem;C:\Windows\System32\WindowsPowerShell\v1.0\;C:\Program Files (x86)\NVIDIA Corporation\PhysX\Common;C:\Program Files (x86)\Intel\Intel(R) Management Engine Components\DAL;C:\Program Files\Intel\Intel(R) Management Engine Components\DAL;C:\Program Files (x86)\Intel\Intel(R) Management Engine Components\IPT;C:\Program Files\Intel\Intel(R) Management Engine Components\IPT;C:\Program Files\Intel\WiFi\bin\;C:\Program Files\Common Files\Intel\WirelessCommon\;C:\WINDOWS\system32;C:\WINDOWS;C:\WINDOWS\System32\Wbem;C:\WINDOWS\System32\WindowsPowerShell\v1.0\;C:\WINDOWS\System32\OpenSSH\;C:\Program Files\NVIDIA Corporation\NVIDIA NvDLISR;C:\WINDOWS\system32;C:\WINDOWS;C:\WINDOWS\System32\Wbem;C:\WINDOWS\System32\WindowsPowerShell\v1.0\;C:\WINDOWS\System32\OpenSSH\;D:\Git\cmd;C:\Users\marki\AppData\Local\Programs\AdoptOpenJDK\bin;C:\Users\marki\AppData\Local\Microsoft\WindowsApps;%DASHLANE_DLL_DIR%;C:\Users\marki\AppData\Local\Programs\Microsoft VS Code\bin;.]
02-Sep-2020 15:18:17.157 INFO [main] org.apache.coyote.AbstractProtocol.init Initializing ProtocolHandler ["http-nio-9999"]
02-Sep-2020 15:18:17.556 INFO [main] org.apache.catalina.startup.Catalina.load Server initialization in [930] milliseconds
02-Sep-2020 15:18:17.611 INFO [main] org.apache.catalina.core.StandardService.startInternal Starting service [Catalina]
02-Sep-2020 15:18:17.612 INFO [main] org.apache.catalina.core.StandardEngine.startInternal Starting Servlet engine: [Apache Tomcat/9.0.37]
02-Sep-2020 15:18:17.625 INFO [main] org.apache.catalina.startup.HostConfig.deployDirectory Deploying web application directory [C:\myWebProject\apache-tomcat-9.0.37\webapps\docs]
02-Sep-2020 15:18:18.212 WARNING [main] org.apache.catalina.util.SessionIdGeneratorBase.createSecureRandom Creation of SecureRandom instance for session ID generation using [SHA1PRNG] took [343] milliseconds.
02-Sep-2020 15:18:18.242 INFO [main] org.apache.catalina.startup.HostConfig.deployDirectory Deployment of web application directory [C:\myWebProject\apache-tomcat-9.0.37\webapps\docs] has finished in [617] ms
02-Sep-2020 15:18:18.243 INFO [main] org.apache.catalina.startup.HostConfig.deployDirectory Deploying web application directory [C:\myWebProject\apache-tomcat-9.0.37\webapps\examples]
02-Sep-2020 15:18:18.652 INFO [main] org.apache.catalina.startup.HostConfig.deployDirectory Deployment of web application directory [C:\myWebProject\apache-tomcat-9.0.37\webapps\examples] has finished in [409] ms
02-Sep-2020 15:18:18.652 INFO [main] org.apache.catalina.startup.HostConfig.deployDirectory Deploying web application directory [C:\myWebProject\apache-tomcat-9.0.37\webapps\host-manager]
02-Sep-2020 15:18:18.692 INFO [main] org.apache.catalina.startup.HostConfig.deployDirectory Deployment of web application directory [C:\myWebProject\apache-tomcat-9.0.37\webapps\host-manager] has finished in [39] ms
02-Sep-2020 15:18:18.692 INFO [main] org.apache.catalina.startup.HostConfig.deployDirectory Deploying web application directory [C:\myWebProject\apache-tomcat-9.0.37\webapps\manager]
02-Sep-2020 15:18:18.728 INFO [main] org.apache.catalina.startup.HostConfig.deployDirectory Deployment of web application directory [C:\myWebProject\apache-tomcat-9.0.37\webapps\manager] has finished in [36] ms
02-Sep-2020 15:18:18.729 INFO [main] org.apache.catalina.startup.HostConfig.deployDirectory Deploying web application directory [C:\myWebProject\apache-tomcat-9.0.37\webapps\ROOT]
02-Sep-2020 15:18:18.768 INFO [main] org.apache.catalina.startup.HostConfig.deployDirectory Deployment of web application directory [C:\myWebProject\apache-tomcat-9.0.37\webapps\ROOT] has finished in [40] ms
02-Sep-2020 15:18:18.776 INFO [main] org.apache.coyote.AbstractProtocol.start Starting ProtocolHandler ["http-nio-9999"]
02-Sep-2020 15:18:18.789 INFO [main] org.apache.catalina.startup.Catalina.start Server startup in [1232] milliseconds
02-Sep-2020 15:31:52.430 INFO [Catalina-utility-2] org.apache.catalina.startup.HostConfig.deployDirectory Deploying web application directory [C:\myWebProject\apache-tomcat-9.0.37\webapps\hello]
02-Sep-2020 15:33:16.110 INFO [Catalina-utility-2] org.apache.catalina.startup.HostConfig.deployDirectory Deployment of web application directory [C:\myWebProject\apache-tomcat-9.0.37\webapps\hello] has finished in [83,680] ms
02-Sep-2020 15:34:56.535 INFO [Catalina-utility-1] org.apache.catalina.startup.HostConfig.reload Reloading context [/hello]
02-Sep-2020 15:34:56.535 INFO [Catalina-utility-1] org.apache.catalina.core.StandardContext.reload Reloading Context with name [/hello] has started
02-Sep-2020 15:34:56.640 INFO [Catalina-utility-1] org.apache.catalina.core.StandardContext.reload Reloading Context with name [/hello] is completed
02-Sep-2020 15:36:51.206 INFO [main] org.apache.catalina.startup.VersionLoggerListener.log Server version name:   Apache Tomcat/9.0.37
02-Sep-2020 15:36:51.209 INFO [main] org.apache.catalina.startup.VersionLoggerListener.log Server built:          Jun 30 2020 20:09:49 UTC
02-Sep-2020 15:36:51.210 INFO [main] org.apache.catalina.startup.VersionLoggerListener.log Server version number: 9.0.37.0
02-Sep-2020 15:36:51.210 INFO [main] org.apache.catalina.startup.VersionLoggerListener.log OS Name:               Windows 10
02-Sep-2020 15:36:51.210 INFO [main] org.apache.catalina.startup.VersionLoggerListener.log OS Version:            10.0
02-Sep-2020 15:36:51.210 INFO [main] org.apache.catalina.startup.VersionLoggerListener.log Architecture:          amd64
02-Sep-2020 15:36:51.211 INFO [main] org.apache.catalina.startup.VersionLoggerListener.log Java Home:             C:\Users\marki\AppData\Local\Programs\AdoptOpenJDK
02-Sep-2020 15:36:51.211 INFO [main] org.apache.catalina.startup.VersionLoggerListener.log JVM Version:           11.0.8+10
02-Sep-2020 15:36:51.211 INFO [main] org.apache.catalina.startup.VersionLoggerListener.log JVM Vendor:            AdoptOpenJDK
02-Sep-2020 15:36:51.211 INFO [main] org.apache.catalina.startup.VersionLoggerListener.log CATALINA_BASE:         C:\myWebProject\apache-tomcat-9.0.37
02-Sep-2020 15:36:51.211 INFO [main] org.apache.catalina.startup.VersionLoggerListener.log CATALINA_HOME:         C:\myWebProject\apache-tomcat-9.0.37
02-Sep-2020 15:36:51.224 INFO [main] org.apache.catalina.startup.VersionLoggerListener.log Command line argument: --add-opens=java.base/java.lang=ALL-UNNAMED
02-Sep-2020 15:36:51.224 INFO [main] org.apache.catalina.startup.VersionLoggerListener.log Command line argument: --add-opens=java.base/java.io=ALL-UNNAMED
02-Sep-2020 15:36:51.225 INFO [main] org.apache.catalina.startup.VersionLoggerListener.log Command line argument: --add-opens=java.rmi/sun.rmi.transport=ALL-UNNAMED
02-Sep-2020 15:36:51.225 INFO [main] org.apache.catalina.startup.VersionLoggerListener.log Command line argument: -Djava.util.logging.config.file=C:\myWebProject\apache-tomcat-9.0.37\conf\logging.properties
02-Sep-2020 15:36:51.225 INFO [main] org.apache.catalina.startup.VersionLoggerListener.log Command line argument: -Djava.util.logging.manager=org.apache.juli.ClassLoaderLogManager
02-Sep-2020 15:36:51.226 INFO [main] org.apache.catalina.startup.VersionLoggerListener.log Command line argument: -Djdk.tls.ephemeralDHKeySize=2048
02-Sep-2020 15:36:51.227 INFO [main] org.apache.catalina.startup.VersionLoggerListener.log Command line argument: -Djava.protocol.handler.pkgs=org.apache.catalina.webresources
02-Sep-2020 15:36:51.227 INFO [main] org.apache.catalina.startup.VersionLoggerListener.log Command line argument: -Dignore.endorsed.dirs=
02-Sep-2020 15:36:51.228 INFO [main] org.apache.catalina.startup.VersionLoggerListener.log Command line argument: -Dcatalina.base=C:\myWebProject\apache-tomcat-9.0.37
02-Sep-2020 15:36:51.228 INFO [main] org.apache.catalina.startup.VersionLoggerListener.log Command line argument: -Dcatalina.home=C:\myWebProject\apache-tomcat-9.0.37
02-Sep-2020 15:36:51.229 INFO [main] org.apache.catalina.startup.VersionLoggerListener.log Command line argument: -Djava.io.tmpdir=C:\myWebProject\apache-tomcat-9.0.37\temp
02-Sep-2020 15:36:51.229 INFO [main] org.apache.catalina.core.AprLifecycleListener.lifecycleEvent The Apache Tomcat Native library which allows using OpenSSL was not found on the java.library.path: [C:\Users\marki\AppData\Local\Programs\AdoptOpenJDK\bin;C:\WINDOWS\Sun\Java\bin;C:\WINDOWS\system32;C:\WINDOWS;C:\Program Files (x86)\Common Files\Oracle\Java\javapath;C:\Program Files (x86)\Intel\iCLS Client\;C:\Program Files\Intel\iCLS Client\;C:\Windows\system32;C:\Windows;C:\Windows\System32\Wbem;C:\Windows\System32\WindowsPowerShell\v1.0\;C:\Program Files (x86)\NVIDIA Corporation\PhysX\Common;C:\Program Files (x86)\Intel\Intel(R) Management Engine Components\DAL;C:\Program Files\Intel\Intel(R) Management Engine Components\DAL;C:\Program Files (x86)\Intel\Intel(R) Management Engine Components\IPT;C:\Program Files\Intel\Intel(R) Management Engine Components\IPT;C:\Program Files\Intel\WiFi\bin\;C:\Program Files\Common Files\Intel\WirelessCommon\;C:\WINDOWS\system32;C:\WINDOWS;C:\WINDOWS\System32\Wbem;C:\WINDOWS\System32\WindowsPowerShell\v1.0\;C:\WINDOWS\System32\OpenSSH\;C:\Program Files\NVIDIA Corporation\NVIDIA NvDLISR;C:\WINDOWS\system32;C:\WINDOWS;C:\WINDOWS\System32\Wbem;C:\WINDOWS\System32\WindowsPowerShell\v1.0\;C:\WINDOWS\System32\OpenSSH\;D:\Git\cmd;C:\Users\marki\AppData\Local\Programs\AdoptOpenJDK\bin;C:\Users\marki\AppData\Local\Microsoft\WindowsApps;%DASHLANE_DLL_DIR%;C:\Users\marki\AppData\Local\Programs\Microsoft VS Code\bin;.]
02-Sep-2020 15:36:51.531 INFO [main] org.apache.coyote.AbstractProtocol.init Initializing ProtocolHandler ["http-nio-9999"]
02-Sep-2020 15:36:51.931 INFO [main] org.apache.catalina.startup.Catalina.load Server initialization in [914] milliseconds
02-Sep-2020 15:36:51.983 INFO [main] org.apache.catalina.core.StandardService.startInternal Starting service [Catalina]
02-Sep-2020 15:36:51.983 INFO [main] org.apache.catalina.core.StandardEngine.startInternal Starting Servlet engine: [Apache Tomcat/9.0.37]
02-Sep-2020 15:36:51.994 INFO [main] org.apache.catalina.startup.HostConfig.deployDirectory Deploying web application directory [C:\myWebProject\apache-tomcat-9.0.37\webapps\docs]
02-Sep-2020 15:36:52.573 WARNING [main] org.apache.catalina.util.SessionIdGeneratorBase.createSecureRandom Creation of SecureRandom instance for session ID generation using [SHA1PRNG] took [332] milliseconds.
02-Sep-2020 15:36:52.593 INFO [main] org.apache.catalina.startup.HostConfig.deployDirectory Deployment of web application directory [C:\myWebProject\apache-tomcat-9.0.37\webapps\docs] has finished in [600] ms
02-Sep-2020 15:36:52.594 INFO [main] org.apache.catalina.startup.HostConfig.deployDirectory Deploying web application directory [C:\myWebProject\apache-tomcat-9.0.37\webapps\examples]
02-Sep-2020 15:36:53.008 INFO [main] org.apache.catalina.startup.HostConfig.deployDirectory Deployment of web application directory [C:\myWebProject\apache-tomcat-9.0.37\webapps\examples] has finished in [415] ms
02-Sep-2020 15:36:53.009 INFO [main] org.apache.catalina.startup.HostConfig.deployDirectory Deploying web application directory [C:\myWebProject\apache-tomcat-9.0.37\webapps\hello]
02-Sep-2020 15:36:53.049 INFO [main] org.apache.catalina.startup.HostConfig.deployDirectory Deployment of web application directory [C:\myWebProject\apache-tomcat-9.0.37\webapps\hello] has finished in [40] ms
02-Sep-2020 15:36:53.049 INFO [main] org.apache.catalina.startup.HostConfig.deployDirectory Deploying web application directory [C:\myWebProject\apache-tomcat-9.0.37\webapps\host-manager]
02-Sep-2020 15:36:53.090 INFO [main] org.apache.catalina.startup.HostConfig.deployDirectory Deployment of web application directory [C:\myWebProject\apache-tomcat-9.0.37\webapps\host-manager] has finished in [41] ms
02-Sep-2020 15:36:53.091 INFO [main] org.apache.catalina.startup.HostConfig.deployDirectory Deploying web application directory [C:\myWebProject\apache-tomcat-9.0.37\webapps\manager]
02-Sep-2020 15:36:53.131 INFO [main] org.apache.catalina.startup.HostConfig.deployDirectory Deployment of web application directory [C:\myWebProject\apache-tomcat-9.0.37\webapps\manager] has finished in [41] ms
02-Sep-2020 15:36:53.131 INFO [main] org.apache.catalina.startup.HostConfig.deployDirectory Deploying web application directory [C:\myWebProject\apache-tomcat-9.0.37\webapps\ROOT]
02-Sep-2020 15:36:53.162 INFO [main] org.apache.catalina.startup.HostConfig.deployDirectory Deployment of web application directory [C:\myWebProject\apache-tomcat-9.0.37\webapps\ROOT] has finished in [30] ms
02-Sep-2020 15:36:53.168 INFO [main] org.apache.coyote.AbstractProtocol.start Starting ProtocolHandler ["http-nio-9999"]
02-Sep-2020 15:36:53.181 INFO [main] org.apache.catalina.startup.Catalina.start Server startup in [1249] milliseconds
02-Sep-2020 16:14:37.252 INFO [Thread-3] org.apache.coyote.AbstractProtocol.pause Pausing ProtocolHandler ["http-nio-9999"]
02-Sep-2020 16:14:37.596 INFO [Thread-3] org.apache.catalina.core.StandardService.stopInternal Stopping service [Catalina]
02-Sep-2020 16:14:37.647 INFO [Thread-3] org.apache.coyote.AbstractProtocol.stop Stopping ProtocolHandler ["http-nio-9999"]
02-Sep-2020 16:14:37.652 INFO [Thread-3] org.apache.coyote.AbstractProtocol.destroy Destroying ProtocolHandler ["http-nio-9999"]
02-Sep-2020 16:15:29.534 INFO [main] org.apache.catalina.startup.VersionLoggerListener.log Server version name:   Apache Tomcat/9.0.37
02-Sep-2020 16:15:29.538 INFO [main] org.apache.catalina.startup.VersionLoggerListener.log Server built:          Jun 30 2020 20:09:49 UTC
02-Sep-2020 16:15:29.538 INFO [main] org.apache.catalina.startup.VersionLoggerListener.log Server version number: 9.0.37.0
02-Sep-2020 16:15:29.539 INFO [main] org.apache.catalina.startup.VersionLoggerListener.log OS Name:               Windows 10
02-Sep-2020 16:15:29.539 INFO [main] org.apache.catalina.startup.VersionLoggerListener.log OS Version:            10.0
02-Sep-2020 16:15:29.539 INFO [main] org.apache.catalina.startup.VersionLoggerListener.log Architecture:          amd64
02-Sep-2020 16:15:29.539 INFO [main] org.apache.catalina.startup.VersionLoggerListener.log Java Home:             C:\Users\marki\AppData\Local\Programs\AdoptOpenJDK
02-Sep-2020 16:15:29.539 INFO [main] org.apache.catalina.startup.VersionLoggerListener.log JVM Version:           11.0.8+10
02-Sep-2020 16:15:29.539 INFO [main] org.apache.catalina.startup.VersionLoggerListener.log JVM Vendor:            AdoptOpenJDK
02-Sep-2020 16:15:29.539 INFO [main] org.apache.catalina.startup.VersionLoggerListener.log CATALINA_BASE:         C:\myWebProject\apache-tomcat-9.0.37
02-Sep-2020 16:15:29.539 INFO [main] org.apache.catalina.startup.VersionLoggerListener.log CATALINA_HOME:         C:\myWebProject\apache-tomcat-9.0.37
02-Sep-2020 16:15:29.550 INFO [main] org.apache.catalina.startup.VersionLoggerListener.log Command line argument: --add-opens=java.base/java.lang=ALL-UNNAMED
02-Sep-2020 16:15:29.551 INFO [main] org.apache.catalina.startup.VersionLoggerListener.log Command line argument: --add-opens=java.base/java.io=ALL-UNNAMED
02-Sep-2020 16:15:29.551 INFO [main] org.apache.catalina.startup.VersionLoggerListener.log Command line argument: --add-opens=java.rmi/sun.rmi.transport=ALL-UNNAMED
02-Sep-2020 16:15:29.551 INFO [main] org.apache.catalina.startup.VersionLoggerListener.log Command line argument: -Djava.util.logging.config.file=C:\myWebProject\apache-tomcat-9.0.37\conf\logging.properties
02-Sep-2020 16:15:29.551 INFO [main] org.apache.catalina.startup.VersionLoggerListener.log Command line argument: -Djava.util.logging.manager=org.apache.juli.ClassLoaderLogManager
02-Sep-2020 16:15:29.552 INFO [main] org.apache.catalina.startup.VersionLoggerListener.log Command line argument: -Djdk.tls.ephemeralDHKeySize=2048
02-Sep-2020 16:15:29.553 INFO [main] org.apache.catalina.startup.VersionLoggerListener.log Command line argument: -Djava.protocol.handler.pkgs=org.apache.catalina.webresources
02-Sep-2020 16:15:29.553 INFO [main] org.apache.catalina.startup.VersionLoggerListener.log Command line argument: -Dignore.endorsed.dirs=
02-Sep-2020 16:15:29.554 INFO [main] org.apache.catalina.startup.VersionLoggerListener.log Command line argument: -Dcatalina.base=C:\myWebProject\apache-tomcat-9.0.37
02-Sep-2020 16:15:29.559 INFO [main] org.apache.catalina.startup.VersionLoggerListener.log Command line argument: -Dcatalina.home=C:\myWebProject\apache-tomcat-9.0.37
02-Sep-2020 16:15:29.559 INFO [main] org.apache.catalina.startup.VersionLoggerListener.log Command line argument: -Djava.io.tmpdir=C:\myWebProject\apache-tomcat-9.0.37\temp
02-Sep-2020 16:15:29.560 INFO [main] org.apache.catalina.core.AprLifecycleListener.lifecycleEvent The Apache Tomcat Native library which allows using OpenSSL was not found on the java.library.path: [C:\Users\marki\AppData\Local\Programs\AdoptOpenJDK\bin;C:\WINDOWS\Sun\Java\bin;C:\WINDOWS\system32;C:\WINDOWS;C:\Program Files (x86)\Common Files\Oracle\Java\javapath;C:\Program Files (x86)\Intel\iCLS Client\;C:\Program Files\Intel\iCLS Client\;C:\Windows\system32;C:\Windows;C:\Windows\System32\Wbem;C:\Windows\System32\WindowsPowerShell\v1.0\;C:\Program Files (x86)\NVIDIA Corporation\PhysX\Common;C:\Program Files (x86)\Intel\Intel(R) Management Engine Components\DAL;C:\Program Files\Intel\Intel(R) Management Engine Components\DAL;C:\Program Files (x86)\Intel\Intel(R) Management Engine Components\IPT;C:\Program Files\Intel\Intel(R) Management Engine Components\IPT;C:\Program Files\Intel\WiFi\bin\;C:\Program Files\Common Files\Intel\WirelessCommon\;C:\WINDOWS\system32;C:\WINDOWS;C:\WINDOWS\System32\Wbem;C:\WINDOWS\System32\WindowsPowerShell\v1.0\;C:\WINDOWS\System32\OpenSSH\;C:\Program Files\NVIDIA Corporation\NVIDIA NvDLISR;C:\WINDOWS\system32;C:\WINDOWS;C:\WINDOWS\System32\Wbem;C:\WINDOWS\System32\WindowsPowerShell\v1.0\;C:\WINDOWS\System32\OpenSSH\;D:\Git\cmd;C:\Users\marki\AppData\Local\Programs\AdoptOpenJDK\bin;C:\Users\marki\AppData\Local\Microsoft\WindowsApps;%DASHLANE_DLL_DIR%;C:\Users\marki\AppData\Local\Programs\Microsoft VS Code\bin;.]
02-Sep-2020 16:15:29.891 INFO [main] org.apache.coyote.AbstractProtocol.init Initializing ProtocolHandler ["http-nio-9999"]
02-Sep-2020 16:15:30.297 INFO [main] org.apache.catalina.startup.Catalina.load Server initialization in [962] milliseconds
02-Sep-2020 16:15:30.352 INFO [main] org.apache.catalina.core.StandardService.startInternal Starting service [Catalina]
02-Sep-2020 16:15:30.353 INFO [main] org.apache.catalina.core.StandardEngine.startInternal Starting Servlet engine: [Apache Tomcat/9.0.37]
02-Sep-2020 16:15:30.364 INFO [main] org.apache.catalina.startup.HostConfig.deployDirectory Deploying web application directory [C:\myWebProject\apache-tomcat-9.0.37\webapps\docs]
02-Sep-2020 16:15:30.945 WARNING [main] org.apache.catalina.util.SessionIdGeneratorBase.createSecureRandom Creation of SecureRandom instance for session ID generation using [SHA1PRNG] took [351] milliseconds.
02-Sep-2020 16:15:30.969 INFO [main] org.apache.catalina.startup.HostConfig.deployDirectory Deployment of web application directory [C:\myWebProject\apache-tomcat-9.0.37\webapps\docs] has finished in [605] ms
02-Sep-2020 16:15:30.970 INFO [main] org.apache.catalina.startup.HostConfig.deployDirectory Deploying web application directory [C:\myWebProject\apache-tomcat-9.0.37\webapps\examples]
02-Sep-2020 16:15:31.373 INFO [main] org.apache.catalina.startup.HostConfig.deployDirectory Deployment of web application directory [C:\myWebProject\apache-tomcat-9.0.37\webapps\examples] has finished in [403] ms
02-Sep-2020 16:15:31.373 INFO [main] org.apache.catalina.startup.HostConfig.deployDirectory Deploying web application directory [C:\myWebProject\apache-tomcat-9.0.37\webapps\hello]
02-Sep-2020 16:15:31.414 INFO [main] org.apache.catalina.startup.HostConfig.deployDirectory Deployment of web application directory [C:\myWebProject\apache-tomcat-9.0.37\webapps\hello] has finished in [41] ms
02-Sep-2020 16:15:31.414 INFO [main] org.apache.catalina.startup.HostConfig.deployDirectory Deploying web application directory [C:\myWebProject\apache-tomcat-9.0.37\webapps\host-manager]
02-Sep-2020 16:15:31.450 INFO [main] org.apache.catalina.startup.HostConfig.deployDirectory Deployment of web application directory [C:\myWebProject\apache-tomcat-9.0.37\webapps\host-manager] has finished in [36] ms
02-Sep-2020 16:15:31.451 INFO [main] org.apache.catalina.startup.HostConfig.deployDirectory Deploying web application directory [C:\myWebProject\apache-tomcat-9.0.37\webapps\manager]
02-Sep-2020 16:15:31.483 INFO [main] org.apache.catalina.startup.HostConfig.deployDirectory Deployment of web application directory [C:\myWebProject\apache-tomcat-9.0.37\webapps\manager] has finished in [32] ms
02-Sep-2020 16:15:31.483 INFO [main] org.apache.catalina.startup.HostConfig.deployDirectory Deploying web application directory [C:\myWebProject\apache-tomcat-9.0.37\webapps\ROOT]
02-Sep-2020 16:15:31.515 INFO [main] org.apache.catalina.startup.HostConfig.deployDirectory Deployment of web application directory [C:\myWebProject\apache-tomcat-9.0.37\webapps\ROOT] has finished in [32] ms
02-Sep-2020 16:15:31.520 INFO [main] org.apache.coyote.AbstractProtocol.start Starting ProtocolHandler ["http-nio-9999"]
02-Sep-2020 16:15:31.534 INFO [main] org.apache.catalina.startup.Catalina.start Server startup in [1236] milliseconds
02-Sep-2020 16:24:15.173 INFO [Thread-3] org.apache.coyote.AbstractProtocol.pause Pausing ProtocolHandler ["http-nio-9999"]
02-Sep-2020 16:24:15.542 INFO [Thread-3] org.apache.catalina.core.StandardService.stopInternal Stopping service [Catalina]
02-Sep-2020 16:24:15.585 INFO [Thread-3] org.apache.coyote.AbstractProtocol.stop Stopping ProtocolHandler ["http-nio-9999"]
02-Sep-2020 16:24:15.591 INFO [Thread-3] org.apache.coyote.AbstractProtocol.destroy Destroying ProtocolHandler ["http-nio-9999"]
02-Sep-2020 16:24:29.968 INFO [main] org.apache.catalina.startup.VersionLoggerListener.log Server version name:   Apache Tomcat/9.0.37
02-Sep-2020 16:24:29.974 INFO [main] org.apache.catalina.startup.VersionLoggerListener.log Server built:          Jun 30 2020 20:09:49 UTC
02-Sep-2020 16:24:29.974 INFO [main] org.apache.catalina.startup.VersionLoggerListener.log Server version number: 9.0.37.0
02-Sep-2020 16:24:29.974 INFO [main] org.apache.catalina.startup.VersionLoggerListener.log OS Name:               Windows 10
02-Sep-2020 16:24:29.974 INFO [main] org.apache.catalina.startup.VersionLoggerListener.log OS Version:            10.0
02-Sep-2020 16:24:29.975 INFO [main] org.apache.catalina.startup.VersionLoggerListener.log Architecture:          amd64
02-Sep-2020 16:24:29.975 INFO [main] org.apache.catalina.startup.VersionLoggerListener.log Java Home:             C:\Users\marki\AppData\Local\Programs\AdoptOpenJDK
02-Sep-2020 16:24:29.975 INFO [main] org.apache.catalina.startup.VersionLoggerListener.log JVM Version:           11.0.8+10
02-Sep-2020 16:24:29.975 INFO [main] org.apache.catalina.startup.VersionLoggerListener.log JVM Vendor:            AdoptOpenJDK
02-Sep-2020 16:24:29.975 INFO [main] org.apache.catalina.startup.VersionLoggerListener.log CATALINA_BASE:         C:\myWebProject\apache-tomcat-9.0.37
02-Sep-2020 16:24:29.976 INFO [main] org.apache.catalina.startup.VersionLoggerListener.log CATALINA_HOME:         C:\myWebProject\apache-tomcat-9.0.37
02-Sep-2020 16:24:29.988 INFO [main] org.apache.catalina.startup.VersionLoggerListener.log Command line argument: --add-opens=java.base/java.lang=ALL-UNNAMED
02-Sep-2020 16:24:29.988 INFO [main] org.apache.catalina.startup.VersionLoggerListener.log Command line argument: --add-opens=java.base/java.io=ALL-UNNAMED
02-Sep-2020 16:24:29.989 INFO [main] org.apache.catalina.startup.VersionLoggerListener.log Command line argument: --add-opens=java.rmi/sun.rmi.transport=ALL-UNNAMED
02-Sep-2020 16:24:29.989 INFO [main] org.apache.catalina.startup.VersionLoggerListener.log Command line argument: -Djava.util.logging.config.file=C:\myWebProject\apache-tomcat-9.0.37\conf\logging.properties
02-Sep-2020 16:24:29.989 INFO [main] org.apache.catalina.startup.VersionLoggerListener.log Command line argument: -Djava.util.logging.manager=org.apache.juli.ClassLoaderLogManager
02-Sep-2020 16:24:29.989 INFO [main] org.apache.catalina.startup.VersionLoggerListener.log Command line argument: -Djdk.tls.ephemeralDHKeySize=2048
02-Sep-2020 16:24:29.990 INFO [main] org.apache.catalina.startup.VersionLoggerListener.log Command line argument: -Djava.protocol.handler.pkgs=org.apache.catalina.webresources
02-Sep-2020 16:24:29.991 INFO [main] org.apache.catalina.startup.VersionLoggerListener.log Command line argument: -Dignore.endorsed.dirs=
02-Sep-2020 16:24:29.992 INFO [main] org.apache.catalina.startup.VersionLoggerListener.log Command line argument: -Dcatalina.base=C:\myWebProject\apache-tomcat-9.0.37
02-Sep-2020 16:24:29.992 INFO [main] org.apache.catalina.startup.VersionLoggerListener.log Command line argument: -Dcatalina.home=C:\myWebProject\apache-tomcat-9.0.37
02-Sep-2020 16:24:29.993 INFO [main] org.apache.catalina.startup.VersionLoggerListener.log Command line argument: -Djava.io.tmpdir=C:\myWebProject\apache-tomcat-9.0.37\temp
02-Sep-2020 16:24:29.993 INFO [main] org.apache.catalina.core.AprLifecycleListener.lifecycleEvent The Apache Tomcat Native library which allows using OpenSSL was not found on the java.library.path: [C:\Users\marki\AppData\Local\Programs\AdoptOpenJDK\bin;C:\WINDOWS\Sun\Java\bin;C:\WINDOWS\system32;C:\WINDOWS;C:\Program Files (x86)\Common Files\Oracle\Java\javapath;C:\Program Files (x86)\Intel\iCLS Client\;C:\Program Files\Intel\iCLS Client\;C:\Windows\system32;C:\Windows;C:\Windows\System32\Wbem;C:\Windows\System32\WindowsPowerShell\v1.0\;C:\Program Files (x86)\NVIDIA Corporation\PhysX\Common;C:\Program Files (x86)\Intel\Intel(R) Management Engine Components\DAL;C:\Program Files\Intel\Intel(R) Management Engine Components\DAL;C:\Program Files (x86)\Intel\Intel(R) Management Engine Components\IPT;C:\Program Files\Intel\Intel(R) Management Engine Components\IPT;C:\Program Files\Intel\WiFi\bin\;C:\Program Files\Common Files\Intel\WirelessCommon\;C:\WINDOWS\system32;C:\WINDOWS;C:\WINDOWS\System32\Wbem;C:\WINDOWS\System32\WindowsPowerShell\v1.0\;C:\WINDOWS\System32\OpenSSH\;C:\Program Files\NVIDIA Corporation\NVIDIA NvDLISR;C:\WINDOWS\system32;C:\WINDOWS;C:\WINDOWS\System32\Wbem;C:\WINDOWS\System32\WindowsPowerShell\v1.0\;C:\WINDOWS\System32\OpenSSH\;D:\Git\cmd;C:\Users\marki\AppData\Local\Programs\AdoptOpenJDK\bin;C:\Users\marki\AppData\Local\Microsoft\WindowsApps;%DASHLANE_DLL_DIR%;C:\Users\marki\AppData\Local\Programs\Microsoft VS Code\bin;.]
02-Sep-2020 16:24:30.297 INFO [main] org.apache.coyote.AbstractProtocol.init Initializing ProtocolHandler ["http-nio-9999"]
02-Sep-2020 16:24:30.710 INFO [main] org.apache.catalina.startup.Catalina.load Server initialization in [949] milliseconds
02-Sep-2020 16:24:30.766 INFO [main] org.apache.catalina.core.StandardService.startInternal Starting service [Catalina]
02-Sep-2020 16:24:30.766 INFO [main] org.apache.catalina.core.StandardEngine.startInternal Starting Servlet engine: [Apache Tomcat/9.0.37]
02-Sep-2020 16:24:30.777 INFO [main] org.apache.catalina.startup.HostConfig.deployDirectory Deploying web application directory [C:\myWebProject\apache-tomcat-9.0.37\webapps\docs]
02-Sep-2020 16:24:31.384 WARNING [main] org.apache.catalina.util.SessionIdGeneratorBase.createSecureRandom Creation of SecureRandom instance for session ID generation using [SHA1PRNG] took [363] milliseconds.
02-Sep-2020 16:24:31.406 INFO [main] org.apache.catalina.startup.HostConfig.deployDirectory Deployment of web application directory [C:\myWebProject\apache-tomcat-9.0.37\webapps\docs] has finished in [629] ms
02-Sep-2020 16:24:31.406 INFO [main] org.apache.catalina.startup.HostConfig.deployDirectory Deploying web application directory [C:\myWebProject\apache-tomcat-9.0.37\webapps\examples]
02-Sep-2020 16:24:31.828 INFO [main] org.apache.catalina.startup.HostConfig.deployDirectory Deployment of web application directory [C:\myWebProject\apache-tomcat-9.0.37\webapps\examples] has finished in [422] ms
02-Sep-2020 16:24:31.829 INFO [main] org.apache.catalina.startup.HostConfig.deployDirectory Deploying web application directory [C:\myWebProject\apache-tomcat-9.0.37\webapps\hello]
02-Sep-2020 16:24:31.877 INFO [main] org.apache.catalina.startup.HostConfig.deployDirectory Deployment of web application directory [C:\myWebProject\apache-tomcat-9.0.37\webapps\hello] has finished in [48] ms
02-Sep-2020 16:24:31.878 INFO [main] org.apache.catalina.startup.HostConfig.deployDirectory Deploying web application directory [C:\myWebProject\apache-tomcat-9.0.37\webapps\host-manager]
02-Sep-2020 16:24:31.918 INFO [main] org.apache.catalina.startup.HostConfig.deployDirectory Deployment of web application directory [C:\myWebProject\apache-tomcat-9.0.37\webapps\host-manager] has finished in [40] ms
02-Sep-2020 16:24:31.919 INFO [main] org.apache.catalina.startup.HostConfig.deployDirectory Deploying web application directory [C:\myWebProject\apache-tomcat-9.0.37\webapps\manager]
02-Sep-2020 16:24:31.955 INFO [main] org.apache.catalina.startup.HostConfig.deployDirectory Deployment of web application directory [C:\myWebProject\apache-tomcat-9.0.37\webapps\manager] has finished in [35] ms
02-Sep-2020 16:24:31.955 INFO [main] org.apache.catalina.startup.HostConfig.deployDirectory Deploying web application directory [C:\myWebProject\apache-tomcat-9.0.37\webapps\ROOT]
02-Sep-2020 16:24:31.986 INFO [main] org.apache.catalina.startup.HostConfig.deployDirectory Deployment of web application directory [C:\myWebProject\apache-tomcat-9.0.37\webapps\ROOT] has finished in [31] ms
02-Sep-2020 16:24:31.993 INFO [main] org.apache.coyote.AbstractProtocol.start Starting ProtocolHandler ["http-nio-9999"]
02-Sep-2020 16:24:32.006 INFO [main] org.apache.catalina.startup.Catalina.start Server startup in [1295] milliseconds
02-Sep-2020 19:08:37.981 INFO [Thread-3] org.apache.coyote.AbstractProtocol.pause Pausing ProtocolHandler ["http-nio-9999"]
02-Sep-2020 19:08:38.409 INFO [Thread-3] org.apache.catalina.core.StandardService.stopInternal Stopping service [Catalina]
02-Sep-2020 19:08:38.481 INFO [Thread-3] org.apache.coyote.AbstractProtocol.stop Stopping ProtocolHandler ["http-nio-9999"]
02-Sep-2020 19:08:38.488 INFO [Thread-3] org.apache.coyote.AbstractProtocol.destroy Destroying ProtocolHandler ["http-nio-9999"]
