04-Sep-2020 12:59:19.448 INFO [Thread-3] org.apache.coyote.AbstractProtocol.pause Pausing ProtocolHandler ["http-nio-9999"]
04-Sep-2020 12:59:19.844 INFO [Thread-3] org.apache.catalina.core.StandardService.stopInternal Stopping service [Catalina]
04-Sep-2020 12:59:19.920 INFO [Thread-3] org.apache.coyote.AbstractProtocol.stop Stopping ProtocolHandler ["http-nio-9999"]
04-Sep-2020 12:59:19.927 INFO [Thread-3] org.apache.coyote.AbstractProtocol.destroy Destroying ProtocolHandler ["http-nio-9999"]
04-Sep-2020 13:37:32.436 INFO [main] org.apache.catalina.startup.VersionLoggerListener.log Server version name:   Apache Tomcat/9.0.37
04-Sep-2020 13:37:32.440 INFO [main] org.apache.catalina.startup.VersionLoggerListener.log Server built:          Jun 30 2020 20:09:49 UTC
04-Sep-2020 13:37:32.441 INFO [main] org.apache.catalina.startup.VersionLoggerListener.log Server version number: 9.0.37.0
04-Sep-2020 13:37:32.441 INFO [main] org.apache.catalina.startup.VersionLoggerListener.log OS Name:               Windows 10
04-Sep-2020 13:37:32.441 INFO [main] org.apache.catalina.startup.VersionLoggerListener.log OS Version:            10.0
04-Sep-2020 13:37:32.441 INFO [main] org.apache.catalina.startup.VersionLoggerListener.log Architecture:          amd64
04-Sep-2020 13:37:32.441 INFO [main] org.apache.catalina.startup.VersionLoggerListener.log Java Home:             C:\Users\marki\AppData\Local\Programs\AdoptOpenJDK
04-Sep-2020 13:37:32.442 INFO [main] org.apache.catalina.startup.VersionLoggerListener.log JVM Version:           11.0.8+10
04-Sep-2020 13:37:32.442 INFO [main] org.apache.catalina.startup.VersionLoggerListener.log JVM Vendor:            AdoptOpenJDK
04-Sep-2020 13:37:32.442 INFO [main] org.apache.catalina.startup.VersionLoggerListener.log CATALINA_BASE:         C:\myWebProject\apache-tomcat-9.0.37
04-Sep-2020 13:37:32.443 INFO [main] org.apache.catalina.startup.VersionLoggerListener.log CATALINA_HOME:         C:\myWebProject\apache-tomcat-9.0.37
04-Sep-2020 13:37:32.467 INFO [main] org.apache.catalina.startup.VersionLoggerListener.log Command line argument: --add-opens=java.base/java.lang=ALL-UNNAMED
04-Sep-2020 13:37:32.467 INFO [main] org.apache.catalina.startup.VersionLoggerListener.log Command line argument: --add-opens=java.base/java.io=ALL-UNNAMED
04-Sep-2020 13:37:32.468 INFO [main] org.apache.catalina.startup.VersionLoggerListener.log Command line argument: --add-opens=java.rmi/sun.rmi.transport=ALL-UNNAMED
04-Sep-2020 13:37:32.468 INFO [main] org.apache.catalina.startup.VersionLoggerListener.log Command line argument: -Djava.util.logging.config.file=C:\myWebProject\apache-tomcat-9.0.37\conf\logging.properties
04-Sep-2020 13:37:32.468 INFO [main] org.apache.catalina.startup.VersionLoggerListener.log Command line argument: -Djava.util.logging.manager=org.apache.juli.ClassLoaderLogManager
04-Sep-2020 13:37:32.469 INFO [main] org.apache.catalina.startup.VersionLoggerListener.log Command line argument: -Djdk.tls.ephemeralDHKeySize=2048
04-Sep-2020 13:37:32.470 INFO [main] org.apache.catalina.startup.VersionLoggerListener.log Command line argument: -Djava.protocol.handler.pkgs=org.apache.catalina.webresources
04-Sep-2020 13:37:32.470 INFO [main] org.apache.catalina.startup.VersionLoggerListener.log Command line argument: -Dignore.endorsed.dirs=
04-Sep-2020 13:37:32.471 INFO [main] org.apache.catalina.startup.VersionLoggerListener.log Command line argument: -Dcatalina.base=C:\myWebProject\apache-tomcat-9.0.37
04-Sep-2020 13:37:32.471 INFO [main] org.apache.catalina.startup.VersionLoggerListener.log Command line argument: -Dcatalina.home=C:\myWebProject\apache-tomcat-9.0.37
04-Sep-2020 13:37:32.472 INFO [main] org.apache.catalina.startup.VersionLoggerListener.log Command line argument: -Djava.io.tmpdir=C:\myWebProject\apache-tomcat-9.0.37\temp
04-Sep-2020 13:37:32.474 INFO [main] org.apache.catalina.core.AprLifecycleListener.lifecycleEvent The Apache Tomcat Native library which allows using OpenSSL was not found on the java.library.path: [C:\Users\marki\AppData\Local\Programs\AdoptOpenJDK\bin;C:\WINDOWS\Sun\Java\bin;C:\WINDOWS\system32;C:\WINDOWS;C:\Program Files (x86)\Common Files\Oracle\Java\javapath;C:\Program Files (x86)\Intel\iCLS Client\;C:\Program Files\Intel\iCLS Client\;C:\Windows\system32;C:\Windows;C:\Windows\System32\Wbem;C:\Windows\System32\WindowsPowerShell\v1.0\;C:\Program Files (x86)\NVIDIA Corporation\PhysX\Common;C:\Program Files (x86)\Intel\Intel(R) Management Engine Components\DAL;C:\Program Files\Intel\Intel(R) Management Engine Components\DAL;C:\Program Files (x86)\Intel\Intel(R) Management Engine Components\IPT;C:\Program Files\Intel\Intel(R) Management Engine Components\IPT;C:\Program Files\Intel\WiFi\bin\;C:\Program Files\Common Files\Intel\WirelessCommon\;C:\WINDOWS\system32;C:\WINDOWS;C:\WINDOWS\System32\Wbem;C:\WINDOWS\System32\WindowsPowerShell\v1.0\;C:\WINDOWS\System32\OpenSSH\;C:\Program Files\NVIDIA Corporation\NVIDIA NvDLISR;C:\WINDOWS\system32;C:\WINDOWS;C:\WINDOWS\System32\Wbem;C:\WINDOWS\System32\WindowsPowerShell\v1.0\;C:\WINDOWS\System32\OpenSSH\;D:\Git\cmd;C:\Users\marki\AppData\Local\Programs\AdoptOpenJDK\bin;C:\Users\marki\AppData\Local\Microsoft\WindowsApps;%DASHLANE_DLL_DIR%;C:\Users\marki\AppData\Local\Programs\Microsoft VS Code\bin;.]
04-Sep-2020 13:37:32.854 INFO [main] org.apache.coyote.AbstractProtocol.init Initializing ProtocolHandler ["http-nio-9999"]
04-Sep-2020 13:37:33.310 INFO [main] org.apache.catalina.startup.Catalina.load Server initialization in [1202] milliseconds
04-Sep-2020 13:37:33.377 INFO [main] org.apache.catalina.core.StandardService.startInternal Starting service [Catalina]
04-Sep-2020 13:37:33.378 INFO [main] org.apache.catalina.core.StandardEngine.startInternal Starting Servlet engine: [Apache Tomcat/9.0.37]
04-Sep-2020 13:37:33.391 INFO [main] org.apache.catalina.startup.HostConfig.deployDirectory Deploying web application directory [C:\myWebProject\apache-tomcat-9.0.37\webapps\docs]
04-Sep-2020 13:37:34.080 INFO [main] org.apache.jasper.servlet.TldScanner.scanJars At least one JAR was scanned for TLDs yet contained no TLDs. Enable debug logging for this logger for a complete list of JARs that were scanned but no TLDs were found in them. Skipping unneeded JARs during scanning can improve startup time and JSP compilation time.
04-Sep-2020 13:37:34.471 WARNING [main] org.apache.catalina.util.SessionIdGeneratorBase.createSecureRandom Creation of SecureRandom instance for session ID generation using [SHA1PRNG] took [362] milliseconds.
04-Sep-2020 13:37:34.520 INFO [main] org.apache.catalina.startup.HostConfig.deployDirectory Deployment of web application directory [C:\myWebProject\apache-tomcat-9.0.37\webapps\docs] has finished in [1,128] ms
04-Sep-2020 13:37:34.521 INFO [main] org.apache.catalina.startup.HostConfig.deployDirectory Deploying web application directory [C:\myWebProject\apache-tomcat-9.0.37\webapps\examples]
04-Sep-2020 13:37:35.811 INFO [main] org.apache.jasper.servlet.TldScanner.scanJars At least one JAR was scanned for TLDs yet contained no TLDs. Enable debug logging for this logger for a complete list of JARs that were scanned but no TLDs were found in them. Skipping unneeded JARs during scanning can improve startup time and JSP compilation time.
04-Sep-2020 13:37:35.861 INFO [main] org.apache.catalina.startup.HostConfig.deployDirectory Deployment of web application directory [C:\myWebProject\apache-tomcat-9.0.37\webapps\examples] has finished in [1,340] ms
04-Sep-2020 13:37:35.862 INFO [main] org.apache.catalina.startup.HostConfig.deployDirectory Deploying web application directory [C:\myWebProject\apache-tomcat-9.0.37\webapps\hello]
04-Sep-2020 13:37:36.312 INFO [main] org.apache.jasper.servlet.TldScanner.scanJars At least one JAR was scanned for TLDs yet contained no TLDs. Enable debug logging for this logger for a complete list of JARs that were scanned but no TLDs were found in them. Skipping unneeded JARs during scanning can improve startup time and JSP compilation time.
04-Sep-2020 13:37:36.323 INFO [main] org.apache.catalina.startup.HostConfig.deployDirectory Deployment of web application directory [C:\myWebProject\apache-tomcat-9.0.37\webapps\hello] has finished in [461] ms
04-Sep-2020 13:37:36.323 INFO [main] org.apache.catalina.startup.HostConfig.deployDirectory Deploying web application directory [C:\myWebProject\apache-tomcat-9.0.37\webapps\host-manager]
04-Sep-2020 13:37:36.714 INFO [main] org.apache.jasper.servlet.TldScanner.scanJars At least one JAR was scanned for TLDs yet contained no TLDs. Enable debug logging for this logger for a complete list of JARs that were scanned but no TLDs were found in them. Skipping unneeded JARs during scanning can improve startup time and JSP compilation time.
04-Sep-2020 13:37:36.725 INFO [main] org.apache.catalina.startup.HostConfig.deployDirectory Deployment of web application directory [C:\myWebProject\apache-tomcat-9.0.37\webapps\host-manager] has finished in [402] ms
04-Sep-2020 13:37:36.726 INFO [main] org.apache.catalina.startup.HostConfig.deployDirectory Deploying web application directory [C:\myWebProject\apache-tomcat-9.0.37\webapps\manager]
04-Sep-2020 13:37:37.126 INFO [main] org.apache.jasper.servlet.TldScanner.scanJars At least one JAR was scanned for TLDs yet contained no TLDs. Enable debug logging for this logger for a complete list of JARs that were scanned but no TLDs were found in them. Skipping unneeded JARs during scanning can improve startup time and JSP compilation time.
04-Sep-2020 13:37:37.130 INFO [main] org.apache.catalina.startup.HostConfig.deployDirectory Deployment of web application directory [C:\myWebProject\apache-tomcat-9.0.37\webapps\manager] has finished in [404] ms
04-Sep-2020 13:37:37.131 INFO [main] org.apache.catalina.startup.HostConfig.deployDirectory Deploying web application directory [C:\myWebProject\apache-tomcat-9.0.37\webapps\ROOT]
04-Sep-2020 13:37:37.485 INFO [main] org.apache.jasper.servlet.TldScanner.scanJars At least one JAR was scanned for TLDs yet contained no TLDs. Enable debug logging for this logger for a complete list of JARs that were scanned but no TLDs were found in them. Skipping unneeded JARs during scanning can improve startup time and JSP compilation time.
04-Sep-2020 13:37:37.491 INFO [main] org.apache.catalina.startup.HostConfig.deployDirectory Deployment of web application directory [C:\myWebProject\apache-tomcat-9.0.37\webapps\ROOT] has finished in [361] ms
04-Sep-2020 13:37:37.505 INFO [main] org.apache.coyote.AbstractProtocol.start Starting ProtocolHandler ["http-nio-9999"]
04-Sep-2020 13:37:37.517 INFO [main] org.apache.catalina.startup.Catalina.start Server startup in [4205] milliseconds
04-Sep-2020 14:03:30.015 INFO [main] org.apache.catalina.startup.VersionLoggerListener.log Server version name:   Apache Tomcat/9.0.37
04-Sep-2020 14:03:30.019 INFO [main] org.apache.catalina.startup.VersionLoggerListener.log Server built:          Jun 30 2020 20:09:49 UTC
04-Sep-2020 14:03:30.020 INFO [main] org.apache.catalina.startup.VersionLoggerListener.log Server version number: 9.0.37.0
04-Sep-2020 14:03:30.020 INFO [main] org.apache.catalina.startup.VersionLoggerListener.log OS Name:               Windows 10
04-Sep-2020 14:03:30.020 INFO [main] org.apache.catalina.startup.VersionLoggerListener.log OS Version:            10.0
04-Sep-2020 14:03:30.020 INFO [main] org.apache.catalina.startup.VersionLoggerListener.log Architecture:          amd64
04-Sep-2020 14:03:30.021 INFO [main] org.apache.catalina.startup.VersionLoggerListener.log Java Home:             C:\Users\marki\AppData\Local\Programs\AdoptOpenJDK
04-Sep-2020 14:03:30.021 INFO [main] org.apache.catalina.startup.VersionLoggerListener.log JVM Version:           11.0.8+10
04-Sep-2020 14:03:30.021 INFO [main] org.apache.catalina.startup.VersionLoggerListener.log JVM Vendor:            AdoptOpenJDK
04-Sep-2020 14:03:30.021 INFO [main] org.apache.catalina.startup.VersionLoggerListener.log CATALINA_BASE:         C:\myWebProject\apache-tomcat-9.0.37
04-Sep-2020 14:03:30.022 INFO [main] org.apache.catalina.startup.VersionLoggerListener.log CATALINA_HOME:         C:\myWebProject\apache-tomcat-9.0.37
04-Sep-2020 14:03:30.035 INFO [main] org.apache.catalina.startup.VersionLoggerListener.log Command line argument: --add-opens=java.base/java.lang=ALL-UNNAMED
04-Sep-2020 14:03:30.036 INFO [main] org.apache.catalina.startup.VersionLoggerListener.log Command line argument: --add-opens=java.base/java.io=ALL-UNNAMED
04-Sep-2020 14:03:30.036 INFO [main] org.apache.catalina.startup.VersionLoggerListener.log Command line argument: --add-opens=java.rmi/sun.rmi.transport=ALL-UNNAMED
04-Sep-2020 14:03:30.036 INFO [main] org.apache.catalina.startup.VersionLoggerListener.log Command line argument: -Djava.util.logging.config.file=C:\myWebProject\apache-tomcat-9.0.37\conf\logging.properties
04-Sep-2020 14:03:30.037 INFO [main] org.apache.catalina.startup.VersionLoggerListener.log Command line argument: -Djava.util.logging.manager=org.apache.juli.ClassLoaderLogManager
04-Sep-2020 14:03:30.037 INFO [main] org.apache.catalina.startup.VersionLoggerListener.log Command line argument: -Djdk.tls.ephemeralDHKeySize=2048
04-Sep-2020 14:03:30.040 INFO [main] org.apache.catalina.startup.VersionLoggerListener.log Command line argument: -Djava.protocol.handler.pkgs=org.apache.catalina.webresources
04-Sep-2020 14:03:30.040 INFO [main] org.apache.catalina.startup.VersionLoggerListener.log Command line argument: -Dignore.endorsed.dirs=
04-Sep-2020 14:03:30.041 INFO [main] org.apache.catalina.startup.VersionLoggerListener.log Command line argument: -Dcatalina.base=C:\myWebProject\apache-tomcat-9.0.37
04-Sep-2020 14:03:30.041 INFO [main] org.apache.catalina.startup.VersionLoggerListener.log Command line argument: -Dcatalina.home=C:\myWebProject\apache-tomcat-9.0.37
04-Sep-2020 14:03:30.042 INFO [main] org.apache.catalina.startup.VersionLoggerListener.log Command line argument: -Djava.io.tmpdir=C:\myWebProject\apache-tomcat-9.0.37\temp
04-Sep-2020 14:03:30.042 INFO [main] org.apache.catalina.core.AprLifecycleListener.lifecycleEvent The Apache Tomcat Native library which allows using OpenSSL was not found on the java.library.path: [C:\Users\marki\AppData\Local\Programs\AdoptOpenJDK\bin;C:\WINDOWS\Sun\Java\bin;C:\WINDOWS\system32;C:\WINDOWS;C:\Program Files (x86)\Common Files\Oracle\Java\javapath;C:\Program Files (x86)\Intel\iCLS Client\;C:\Program Files\Intel\iCLS Client\;C:\Windows\system32;C:\Windows;C:\Windows\System32\Wbem;C:\Windows\System32\WindowsPowerShell\v1.0\;C:\Program Files (x86)\NVIDIA Corporation\PhysX\Common;C:\Program Files (x86)\Intel\Intel(R) Management Engine Components\DAL;C:\Program Files\Intel\Intel(R) Management Engine Components\DAL;C:\Program Files (x86)\Intel\Intel(R) Management Engine Components\IPT;C:\Program Files\Intel\Intel(R) Management Engine Components\IPT;C:\Program Files\Intel\WiFi\bin\;C:\Program Files\Common Files\Intel\WirelessCommon\;C:\WINDOWS\system32;C:\WINDOWS;C:\WINDOWS\System32\Wbem;C:\WINDOWS\System32\WindowsPowerShell\v1.0\;C:\WINDOWS\System32\OpenSSH\;C:\Program Files\NVIDIA Corporation\NVIDIA NvDLISR;C:\WINDOWS\system32;C:\WINDOWS;C:\WINDOWS\System32\Wbem;C:\WINDOWS\System32\WindowsPowerShell\v1.0\;C:\WINDOWS\System32\OpenSSH\;D:\Git\cmd;C:\Users\marki\AppData\Local\Programs\AdoptOpenJDK\bin;C:\Users\marki\AppData\Local\Microsoft\WindowsApps;%DASHLANE_DLL_DIR%;C:\Users\marki\AppData\Local\Programs\Microsoft VS Code\bin;.]
04-Sep-2020 14:03:30.340 INFO [main] org.apache.coyote.AbstractProtocol.init Initializing ProtocolHandler ["http-nio-9999"]
04-Sep-2020 14:03:30.774 INFO [main] org.apache.catalina.startup.Catalina.load Server initialization in [950] milliseconds
04-Sep-2020 14:03:30.831 INFO [main] org.apache.catalina.core.StandardService.startInternal Starting service [Catalina]
04-Sep-2020 14:03:30.831 INFO [main] org.apache.catalina.core.StandardEngine.startInternal Starting Servlet engine: [Apache Tomcat/9.0.37]
04-Sep-2020 14:03:30.844 INFO [main] org.apache.catalina.startup.HostConfig.deployDirectory Deploying web application directory [C:\myWebProject\apache-tomcat-9.0.37\webapps\docs]
04-Sep-2020 14:03:31.513 INFO [main] org.apache.jasper.servlet.TldScanner.scanJars At least one JAR was scanned for TLDs yet contained no TLDs. Enable debug logging for this logger for a complete list of JARs that were scanned but no TLDs were found in them. Skipping unneeded JARs during scanning can improve startup time and JSP compilation time.
04-Sep-2020 14:03:31.892 WARNING [main] org.apache.catalina.util.SessionIdGeneratorBase.createSecureRandom Creation of SecureRandom instance for session ID generation using [SHA1PRNG] took [360] milliseconds.
04-Sep-2020 14:03:31.911 INFO [main] org.apache.catalina.startup.HostConfig.deployDirectory Deployment of web application directory [C:\myWebProject\apache-tomcat-9.0.37\webapps\docs] has finished in [1,068] ms
04-Sep-2020 14:03:31.912 INFO [main] org.apache.catalina.startup.HostConfig.deployDirectory Deploying web application directory [C:\myWebProject\apache-tomcat-9.0.37\webapps\examples]
04-Sep-2020 14:03:32.580 INFO [main] org.apache.jasper.servlet.TldScanner.scanJars At least one JAR was scanned for TLDs yet contained no TLDs. Enable debug logging for this logger for a complete list of JARs that were scanned but no TLDs were found in them. Skipping unneeded JARs during scanning can improve startup time and JSP compilation time.
04-Sep-2020 14:03:32.637 INFO [main] org.apache.catalina.startup.HostConfig.deployDirectory Deployment of web application directory [C:\myWebProject\apache-tomcat-9.0.37\webapps\examples] has finished in [725] ms
04-Sep-2020 14:03:32.638 INFO [main] org.apache.catalina.startup.HostConfig.deployDirectory Deploying web application directory [C:\myWebProject\apache-tomcat-9.0.37\webapps\hello]
04-Sep-2020 14:03:33.046 INFO [main] org.apache.jasper.servlet.TldScanner.scanJars At least one JAR was scanned for TLDs yet contained no TLDs. Enable debug logging for this logger for a complete list of JARs that were scanned but no TLDs were found in them. Skipping unneeded JARs during scanning can improve startup time and JSP compilation time.
04-Sep-2020 14:03:33.054 INFO [main] org.apache.catalina.startup.HostConfig.deployDirectory Deployment of web application directory [C:\myWebProject\apache-tomcat-9.0.37\webapps\hello] has finished in [416] ms
04-Sep-2020 14:03:33.055 INFO [main] org.apache.catalina.startup.HostConfig.deployDirectory Deploying web application directory [C:\myWebProject\apache-tomcat-9.0.37\webapps\host-manager]
04-Sep-2020 14:03:33.401 INFO [main] org.apache.jasper.servlet.TldScanner.scanJars At least one JAR was scanned for TLDs yet contained no TLDs. Enable debug logging for this logger for a complete list of JARs that were scanned but no TLDs were found in them. Skipping unneeded JARs during scanning can improve startup time and JSP compilation time.
04-Sep-2020 14:03:33.407 INFO [main] org.apache.catalina.startup.HostConfig.deployDirectory Deployment of web application directory [C:\myWebProject\apache-tomcat-9.0.37\webapps\host-manager] has finished in [353] ms
04-Sep-2020 14:03:33.408 INFO [main] org.apache.catalina.startup.HostConfig.deployDirectory Deploying web application directory [C:\myWebProject\apache-tomcat-9.0.37\webapps\manager]
04-Sep-2020 14:03:33.794 INFO [main] org.apache.jasper.servlet.TldScanner.scanJars At least one JAR was scanned for TLDs yet contained no TLDs. Enable debug logging for this logger for a complete list of JARs that were scanned but no TLDs were found in them. Skipping unneeded JARs during scanning can improve startup time and JSP compilation time.
04-Sep-2020 14:03:33.798 INFO [main] org.apache.catalina.startup.HostConfig.deployDirectory Deployment of web application directory [C:\myWebProject\apache-tomcat-9.0.37\webapps\manager] has finished in [390] ms
04-Sep-2020 14:03:33.799 INFO [main] org.apache.catalina.startup.HostConfig.deployDirectory Deploying web application directory [C:\myWebProject\apache-tomcat-9.0.37\webapps\ROOT]
04-Sep-2020 14:03:34.211 INFO [main] org.apache.jasper.servlet.TldScanner.scanJars At least one JAR was scanned for TLDs yet contained no TLDs. Enable debug logging for this logger for a complete list of JARs that were scanned but no TLDs were found in them. Skipping unneeded JARs during scanning can improve startup time and JSP compilation time.
04-Sep-2020 14:03:34.215 INFO [main] org.apache.catalina.startup.HostConfig.deployDirectory Deployment of web application directory [C:\myWebProject\apache-tomcat-9.0.37\webapps\ROOT] has finished in [416] ms
04-Sep-2020 14:03:34.220 INFO [main] org.apache.coyote.AbstractProtocol.start Starting ProtocolHandler ["http-nio-9999"]
04-Sep-2020 14:03:34.234 INFO [main] org.apache.catalina.startup.Catalina.start Server startup in [3460] milliseconds
04-Sep-2020 14:14:27.563 INFO [Thread-3] org.apache.coyote.AbstractProtocol.pause Pausing ProtocolHandler ["http-nio-9999"]
04-Sep-2020 14:14:27.934 INFO [Thread-3] org.apache.catalina.core.StandardService.stopInternal Stopping service [Catalina]
04-Sep-2020 14:14:27.986 INFO [Thread-3] org.apache.coyote.AbstractProtocol.stop Stopping ProtocolHandler ["http-nio-9999"]
04-Sep-2020 14:14:27.993 INFO [Thread-3] org.apache.coyote.AbstractProtocol.destroy Destroying ProtocolHandler ["http-nio-9999"]
