03-Sep-2020 14:29:19.125 INFO [main] org.apache.catalina.startup.VersionLoggerListener.log Server version name:   Apache Tomcat/9.0.37
03-Sep-2020 14:29:19.130 INFO [main] org.apache.catalina.startup.VersionLoggerListener.log Server built:          Jun 30 2020 20:09:49 UTC
03-Sep-2020 14:29:19.130 INFO [main] org.apache.catalina.startup.VersionLoggerListener.log Server version number: 9.0.37.0
03-Sep-2020 14:29:19.130 INFO [main] org.apache.catalina.startup.VersionLoggerListener.log OS Name:               Windows 10
03-Sep-2020 14:29:19.131 INFO [main] org.apache.catalina.startup.VersionLoggerListener.log OS Version:            10.0
03-Sep-2020 14:29:19.131 INFO [main] org.apache.catalina.startup.VersionLoggerListener.log Architecture:          amd64
03-Sep-2020 14:29:19.131 INFO [main] org.apache.catalina.startup.VersionLoggerListener.log Java Home:             C:\Users\marki\AppData\Local\Programs\AdoptOpenJDK
03-Sep-2020 14:29:19.131 INFO [main] org.apache.catalina.startup.VersionLoggerListener.log JVM Version:           11.0.8+10
03-Sep-2020 14:29:19.131 INFO [main] org.apache.catalina.startup.VersionLoggerListener.log JVM Vendor:            AdoptOpenJDK
03-Sep-2020 14:29:19.131 INFO [main] org.apache.catalina.startup.VersionLoggerListener.log CATALINA_BASE:         C:\myWebProject\apache-tomcat-9.0.37
03-Sep-2020 14:29:19.132 INFO [main] org.apache.catalina.startup.VersionLoggerListener.log CATALINA_HOME:         C:\myWebProject\apache-tomcat-9.0.37
03-Sep-2020 14:29:19.151 INFO [main] org.apache.catalina.startup.VersionLoggerListener.log Command line argument: --add-opens=java.base/java.lang=ALL-UNNAMED
03-Sep-2020 14:29:19.151 INFO [main] org.apache.catalina.startup.VersionLoggerListener.log Command line argument: --add-opens=java.base/java.io=ALL-UNNAMED
03-Sep-2020 14:29:19.152 INFO [main] org.apache.catalina.startup.VersionLoggerListener.log Command line argument: --add-opens=java.rmi/sun.rmi.transport=ALL-UNNAMED
03-Sep-2020 14:29:19.152 INFO [main] org.apache.catalina.startup.VersionLoggerListener.log Command line argument: -Djava.util.logging.config.file=C:\myWebProject\apache-tomcat-9.0.37\conf\logging.properties
03-Sep-2020 14:29:19.152 INFO [main] org.apache.catalina.startup.VersionLoggerListener.log Command line argument: -Djava.util.logging.manager=org.apache.juli.ClassLoaderLogManager
03-Sep-2020 14:29:19.153 INFO [main] org.apache.catalina.startup.VersionLoggerListener.log Command line argument: -Djdk.tls.ephemeralDHKeySize=2048
03-Sep-2020 14:29:19.153 INFO [main] org.apache.catalina.startup.VersionLoggerListener.log Command line argument: -Djava.protocol.handler.pkgs=org.apache.catalina.webresources
03-Sep-2020 14:29:19.154 INFO [main] org.apache.catalina.startup.VersionLoggerListener.log Command line argument: -Dignore.endorsed.dirs=
03-Sep-2020 14:29:19.154 INFO [main] org.apache.catalina.startup.VersionLoggerListener.log Command line argument: -Dcatalina.base=C:\myWebProject\apache-tomcat-9.0.37
03-Sep-2020 14:29:19.155 INFO [main] org.apache.catalina.startup.VersionLoggerListener.log Command line argument: -Dcatalina.home=C:\myWebProject\apache-tomcat-9.0.37
03-Sep-2020 14:29:19.155 INFO [main] org.apache.catalina.startup.VersionLoggerListener.log Command line argument: -Djava.io.tmpdir=C:\myWebProject\apache-tomcat-9.0.37\temp
03-Sep-2020 14:29:19.156 INFO [main] org.apache.catalina.core.AprLifecycleListener.lifecycleEvent The Apache Tomcat Native library which allows using OpenSSL was not found on the java.library.path: [C:\Users\marki\AppData\Local\Programs\AdoptOpenJDK\bin;C:\WINDOWS\Sun\Java\bin;C:\WINDOWS\system32;C:\WINDOWS;C:\Program Files (x86)\Common Files\Oracle\Java\javapath;C:\Program Files (x86)\Intel\iCLS Client\;C:\Program Files\Intel\iCLS Client\;C:\Windows\system32;C:\Windows;C:\Windows\System32\Wbem;C:\Windows\System32\WindowsPowerShell\v1.0\;C:\Program Files (x86)\NVIDIA Corporation\PhysX\Common;C:\Program Files (x86)\Intel\Intel(R) Management Engine Components\DAL;C:\Program Files\Intel\Intel(R) Management Engine Components\DAL;C:\Program Files (x86)\Intel\Intel(R) Management Engine Components\IPT;C:\Program Files\Intel\Intel(R) Management Engine Components\IPT;C:\Program Files\Intel\WiFi\bin\;C:\Program Files\Common Files\Intel\WirelessCommon\;C:\WINDOWS\system32;C:\WINDOWS;C:\WINDOWS\System32\Wbem;C:\WINDOWS\System32\WindowsPowerShell\v1.0\;C:\WINDOWS\System32\OpenSSH\;C:\Program Files\NVIDIA Corporation\NVIDIA NvDLISR;C:\WINDOWS\system32;C:\WINDOWS;C:\WINDOWS\System32\Wbem;C:\WINDOWS\System32\WindowsPowerShell\v1.0\;C:\WINDOWS\System32\OpenSSH\;D:\Git\cmd;C:\Users\marki\AppData\Local\Programs\AdoptOpenJDK\bin;C:\Users\marki\AppData\Local\Microsoft\WindowsApps;%DASHLANE_DLL_DIR%;C:\Users\marki\AppData\Local\Programs\Microsoft VS Code\bin;.]
03-Sep-2020 14:29:19.508 INFO [main] org.apache.coyote.AbstractProtocol.init Initializing ProtocolHandler ["http-nio-9999"]
03-Sep-2020 14:29:19.992 INFO [main] org.apache.catalina.startup.Catalina.load Server initialization in [1165] milliseconds
03-Sep-2020 14:29:20.059 INFO [main] org.apache.catalina.core.StandardService.startInternal Starting service [Catalina]
03-Sep-2020 14:29:20.059 INFO [main] org.apache.catalina.core.StandardEngine.startInternal Starting Servlet engine: [Apache Tomcat/9.0.37]
03-Sep-2020 14:29:20.074 INFO [main] org.apache.catalina.startup.HostConfig.deployDirectory Deploying web application directory [C:\myWebProject\apache-tomcat-9.0.37\webapps\docs]
03-Sep-2020 14:29:20.751 WARNING [main] org.apache.catalina.util.SessionIdGeneratorBase.createSecureRandom Creation of SecureRandom instance for session ID generation using [SHA1PRNG] took [384] milliseconds.
03-Sep-2020 14:29:20.783 INFO [main] org.apache.catalina.startup.HostConfig.deployDirectory Deployment of web application directory [C:\myWebProject\apache-tomcat-9.0.37\webapps\docs] has finished in [709] ms
03-Sep-2020 14:29:20.783 INFO [main] org.apache.catalina.startup.HostConfig.deployDirectory Deploying web application directory [C:\myWebProject\apache-tomcat-9.0.37\webapps\examples]
03-Sep-2020 14:29:22.057 INFO [main] org.apache.catalina.startup.HostConfig.deployDirectory Deployment of web application directory [C:\myWebProject\apache-tomcat-9.0.37\webapps\examples] has finished in [1,274] ms
03-Sep-2020 14:29:22.057 INFO [main] org.apache.catalina.startup.HostConfig.deployDirectory Deploying web application directory [C:\myWebProject\apache-tomcat-9.0.37\webapps\hello]
03-Sep-2020 14:29:22.139 INFO [main] org.apache.catalina.startup.HostConfig.deployDirectory Deployment of web application directory [C:\myWebProject\apache-tomcat-9.0.37\webapps\hello] has finished in [82] ms
03-Sep-2020 14:29:22.140 INFO [main] org.apache.catalina.startup.HostConfig.deployDirectory Deploying web application directory [C:\myWebProject\apache-tomcat-9.0.37\webapps\host-manager]
03-Sep-2020 14:29:22.213 INFO [main] org.apache.catalina.startup.HostConfig.deployDirectory Deployment of web application directory [C:\myWebProject\apache-tomcat-9.0.37\webapps\host-manager] has finished in [73] ms
03-Sep-2020 14:29:22.214 INFO [main] org.apache.catalina.startup.HostConfig.deployDirectory Deploying web application directory [C:\myWebProject\apache-tomcat-9.0.37\webapps\manager]
03-Sep-2020 14:29:22.279 INFO [main] org.apache.catalina.startup.HostConfig.deployDirectory Deployment of web application directory [C:\myWebProject\apache-tomcat-9.0.37\webapps\manager] has finished in [65] ms
03-Sep-2020 14:29:22.279 INFO [main] org.apache.catalina.startup.HostConfig.deployDirectory Deploying web application directory [C:\myWebProject\apache-tomcat-9.0.37\webapps\ROOT]
03-Sep-2020 14:29:22.322 INFO [main] org.apache.catalina.startup.HostConfig.deployDirectory Deployment of web application directory [C:\myWebProject\apache-tomcat-9.0.37\webapps\ROOT] has finished in [42] ms
03-Sep-2020 14:29:22.328 INFO [main] org.apache.coyote.AbstractProtocol.start Starting ProtocolHandler ["http-nio-9999"]
03-Sep-2020 14:29:22.345 INFO [main] org.apache.catalina.startup.Catalina.start Server startup in [2351] milliseconds
